七月 18, 2019 3:21:22 下午 net.sourceforge.tessboxeditor.BoxEditorController lambda$initialize$4
信息: 斗
七月 18, 2019 3:21:22 下午 net.sourceforge.tessboxeditor.BoxEditorController lambda$initialize$4
信息: 斗
七月 18, 2019 3:21:31 下午 net.sourceforge.tessboxeditor.BoxEditorController lambda$initialize$4
信息: 斗
七月 18, 2019 3:21:31 下午 net.sourceforge.tessboxeditor.BoxEditorController lambda$initialize$4
信息: 斗
七月 18, 2019 3:21:36 下午 net.sourceforge.tessboxeditor.BoxEditorController lambda$initialize$4
信息: 斗
七月 18, 2019 3:21:36 下午 net.sourceforge.tessboxeditor.BoxEditorController lambda$initialize$4
信息: 斗
七月 18, 2019 3:21:39 下午 net.sourceforge.tessboxeditor.BoxEditorController lambda$initialize$4
信息: 斗
七月 18, 2019 3:21:39 下午 net.sourceforge.tessboxeditor.BoxEditorController lambda$initialize$4
信息: 斗
七月 18, 2019 3:21:39 下午 net.sourceforge.tessboxeditor.BoxEditorController lambda$initialize$4
信息: 斗
七月 18, 2019 3:21:39 下午 net.sourceforge.tessboxeditor.BoxEditorController lambda$initialize$4
信息: 斗
七月 18, 2019 3:21:44 下午 net.sourceforge.tessboxeditor.BoxEditorController lambda$initialize$4
信息: 斗
七月 18, 2019 3:21:44 下午 net.sourceforge.tessboxeditor.BoxEditorController lambda$initialize$4
信息: 斗
七月 18, 2019 3:21:45 下午 net.sourceforge.tessboxeditor.BoxEditorController lambda$initialize$4
信息: 斗
七月 18, 2019 3:21:45 下午 net.sourceforge.tessboxeditor.BoxEditorController lambda$initialize$4
信息: 斗
七月 18, 2019 3:21:46 下午 net.sourceforge.tessboxeditor.BoxEditorController lambda$initialize$4
信息: 印
七月 18, 2019 3:21:46 下午 net.sourceforge.tessboxeditor.BoxEditorController lambda$initialize$4
信息: 印
七月 18, 2019 3:21:48 下午 net.sourceforge.tessboxeditor.BoxEditorController lambda$initialize$4
信息: 斗
七月 18, 2019 3:21:48 下午 net.sourceforge.tessboxeditor.BoxEditorController lambda$initialize$4
信息: 斗
七月 18, 2019 3:32:03 下午 net.sourceforge.tessboxeditor.TessTrainer makeBox
信息: Make Box Files
七月 18, 2019 3:32:03 下午 net.sourceforge.tessboxeditor.TessTrainer runCommand
信息: Command: [C:\Users\cy\Documents\Tencent Files\1016224774\FileRecv\jTessBoxEditorCY.git\trunk\tesseract-ocr/tesseract, test.tif, test, -l, chi_sim, batch.nochop, makebox]
